[2025-05-25 23:27:21.361] [INFO] [dev.kostromdan.mods.crash_assistant.app.CrashAssistantApp]: CrashAssistantApp running: JVM args: [-XX:+UseSerialGC, -XX:MaxHeapFreeRatio=30, -XX:MinHeapFreeRatio=10, -XX:MaxGCPauseMillis=10000, -Xms8m, -Xmx512m]
[2025-05-25 23:27:21.364] [INFO] [dev.kostromdan.mods.crash_assistant.app.CrashAssistantApp]: CrashAssistantApp running: program args: [-jarPath, C:\Users\user\curseforge\minecraft\Instances\All the Mods 9 - ATM9\local\crash_assistant\10012_1748204836_app.jar, -parentPID, 10012, -platform, FORGE, -loaderJarName, fmlloader-1.20.1-47.4.0.jar, -minecraftVersion, 1.20.1, -crashAssistantJarName, crash_assistant-forge-1.19.2-1.20.1-1.7.9.jar, -log4jApi, C:\Users\user\curseforge\minecraft\Install\libraries\org\apache\logging\log4j\log4j-api\2.19.0\log4j-api-2.19.0.jar, -log4jCore, C:\Users\user\curseforge\minecraft\Install\libraries\org\apache\logging\log4j\log4j-core\2.19.0\log4j-core-2.19.0.jar, -googleGson, C:\Users\user\curseforge\minecraft\Install\libraries\com\google\code\gson\gson\2.10\gson-2.10.jar, -commonIo, C:\Users\user\curseforge\minecraft\Install\libraries\commons-io\commons-io\2.11.0\commons-io-2.11.0.jar, -lwjglNatives, C:\Users\user\curseforge\minecraft\Install\libraries\org\lwjgl\lwjgl\3.3.1\lwjgl-3.3.1-natives-windows.jar, -processor, 12th Gen Intel(R) Core(TM) i5-12400F, -serialisedGPUs, REVESUNBVEVEIDogTlZJRElBIEdlRm9yY2UgUlRYIDMwNTA=, -recursiveStart]
[2025-05-25 23:27:21.365] [INFO] [dev.kostromdan.mods.crash_assistant.app.CrashAssistantApp]: CrashAssistantApp running from: C:\Users\user\curseforge\minecraft\Instances\All the Mods 9 - ATM9
[2025-05-25 23:27:21.368] [INFO] [dev.kostromdan.mods.crash_assistant.app.CrashAssistantApp]: JAVA: C:\Users\user\curseforge\minecraft\Install\java\java-runtime-gamma\bin\javaw.exe
[2025-05-25 23:27:21.368] [INFO] [dev.kostromdan.mods.crash_assistant.app.CrashAssistantApp]: Parent PID: 10012
[2025-05-25 23:27:21.369] [INFO] [dev.kostromdan.mods.crash_assistant.app.CrashAssistantApp]: Platform: FORGE
[2025-05-25 23:27:21.369] [INFO] [dev.kostromdan.mods.crash_assistant.app.CrashAssistantApp]: loaderJarName: fmlloader-1.20.1-47.4.0.jar
[2025-05-25 23:27:21.370] [INFO] [dev.kostromdan.mods.crash_assistant.app.CrashAssistantApp]: minecraftVersion: 1.20.1
[2025-05-25 23:27:21.370] [INFO] [dev.kostromdan.mods.crash_assistant.app.CrashAssistantApp]: crashAssistantJarName: crash_assistant-forge-1.19.2-1.20.1-1.7.9.jar
[2025-05-25 23:27:21.388] [INFO] [dev.kostromdan.mods.crash_assistant.app.CrashAssistantApp]: CrashAssistantApp started successfully. Waiting for PID 10012 to stop.
[2025-05-25 23:28:15.278] [INFO] [dev.kostromdan.mods.crash_assistant.app.CrashAssistantApp]: Detected renderer: NVIDIA GeForce RTX 3050/PCIe/SSE2
[2025-05-25 23:28:15.280] [INFO] [dev.kostromdan.mods.crash_assistant.app.CrashAssistantApp]: Boot.serialisedGPUs:
DEDICATED : NVIDIA GeForce RTX 3050
[2025-05-25 23:55:31.903] [INFO] [dev.kostromdan.mods.crash_assistant.app.CrashAssistantApp]: PID "10012" is not alive or reused by another process. Minecraft JVM appears to have stopped.
[2025-05-25 23:55:31.973] [INFO] [dev.kostromdan.mods.crash_assistant.app.CrashAssistantApp]: Adding latest.log from C:\Users\user\curseforge\minecraft\Instances\All the Mods 9 - ATM9\logs\latest.log
[2025-05-25 23:55:32.032] [INFO] [dev.kostromdan.mods.crash_assistant.app.CrashAssistantApp]: Adding KubeJS: client.log from C:\Users\user\curseforge\minecraft\Instances\All the Mods 9 - ATM9\logs\kubejs\client.log
[2025-05-25 23:55:32.033] [INFO] [dev.kostromdan.mods.crash_assistant.app.CrashAssistantApp]: Adding KubeJS: server.log from C:\Users\user\curseforge\minecraft\Instances\All the Mods 9 - ATM9\logs\kubejs\server.log
[2025-05-25 23:55:32.034] [INFO] [dev.kostromdan.mods.crash_assistant.app.CrashAssistantApp]: Adding KubeJS: startup.log from C:\Users\user\curseforge\minecraft\Instances\All the Mods 9 - ATM9\logs\kubejs\startup.log
[2025-05-25 23:55:32.035] [INFO] [dev.kostromdan.mods.crash_assistant.app.CrashAssistantApp]: Adding crash_assistant_app.log from C:\Users\user\curseforge\minecraft\Instances\All the Mods 9 - ATM9\logs\crash_assistant\crash_assistant_app.log
[2025-05-25 23:55:32.037] [INFO] [dev.kostromdan.mods.crash_assistant.app.CrashAssistantApp]: Reached first tick of TitleScreen: true
[2025-05-25 23:55:32.037] [INFO] [dev.kostromdan.mods.crash_assistant.app.CrashAssistantApp]: Seems like Minecraft finished normally. Trying to locate terminated processes and Exiting Crash Assistant app.
